14-05-2025 00:52:17 null
Иван Залупа
Выбранные температурные режимы.
Ночь - 33 градуса.
Вечер - 22 градуса.
Утро - 33 градуса.
14-05-2025 12:28:57 null
Иван Залупа
Выбранный температурный режим - 22 градуса.14-05-2025 12:32:53 null
Иван Залупа
Выбранные температурные режимы.
Ночь - 23 градуса.
Вечер - 22 градуса.
Утро - 33 градуса.
14-05-2025 12:37:41 null
Иван Залупа
Выбранный температурный режим - 22 градуса.
--------------------------------------
14-05-2025 12:38:10 null
Иван Залупа
Выбранные температурные режимы.
Ночь - 23 градуса.
Вечер - 33 градуса.
Утро - 22 градуса.
--------------------------------------
14-05-2025 12:52:42 /127.0.0.1
Иван Залупа
Выбранный температурный режим - 22 градуса.
--------------------------------------
14-05-2025 12:53:14 /127.0.0.1
Иван Залупа
Выбранные температурные режимы.
Ночь - 23 градуса.
Вечер - 32 градуса.
Утро - 33 градуса.
--------------------------------------
