21-05-2025 00:44:21 СТАТУС: В ожидании соединения.
21-05-2025 00:44:27 СТАТУС: Соединение установлено.
21-05-2025 00:44:37 СТАТУС: Пакет данных собран.
21-05-2025 00:44:37 СТАТУС: Проверка принятых данных.
Сигнатура пакета данных соответсвует установленной.
Длинна данных соответствует длинне данных при отправлении.
Контрольная сумма "CRC32" соответствует контрольной сумме при отправлении.
---------------------------------------

21-05-2025 00:44:48 СТАТУС: Пакет данных собран.
21-05-2025 00:44:48 СТАТУС: Проверка принятых данных.
Сигнатура пакета данных соответсвует установленной.
Длинна данных соответствует длинне данных при отправлении.
Контрольная сумма "CRC32" соответствует контрольной сумме при отправлении.
---------------------------------------

21-05-2025 00:44:59 СТАТУС: Соединение закрыто.
21-05-2025 00:44:59 СТАТУС: В ожидании соединения.
21-05-2025 00:45:20 СТАТУС: Соединение установлено.
21-05-2025 00:45:25 СТАТУС: Пакет данных собран.
21-05-2025 00:45:25 СОШИБКА ! Данные поступили из неивестного источника.
Соединение будет прерванно!
21-05-2025 00:45:25 СТАТУС: Соединение закрыто.
21-05-2025 00:45:27 СТАТУС: В ожидании соединения.
21-05-2025 00:45:49 СТАТУС: Соединение установлено.
21-05-2025 00:46:04 СТАТУС: Пакет данных собран.
21-05-2025 00:46:04 СТАТУС: Проверка принятых данных.
Сигнатура пакета данных соответсвует установленной.
Длинна данных соответствует длинне данных при отправлении.
Контрольная сумма "CRC32" соответствует контрольной сумме при отправлении.
---------------------------------------

21-05-2025 00:46:07 СТАТУС: Соединение закрыто.
21-05-2025 00:46:12 СТАТУС: В ожидании соединения.
21-05-2025 12:50:37 СТАТУС: В ожидании соединения.
21-05-2025 12:50:42 СТАТУС: Соединение установлено.
21-05-2025 12:50:53 СТАТУС: Пакет данных собран.
21-05-2025 12:50:53 СТАТУС: Проверка принятых данных.
Сигнатура пакета данных соответсвует установленной.
Длинна данных соответствует длинне данных при отправлении.
Контрольная сумма "CRC32" соответствует контрольной сумме при отправлении.
---------------------------------------

21-05-2025 12:51:04 СТАТУС: Пакет данных собран.
21-05-2025 12:51:04 СТАТУС: Проверка принятых данных.
Сигнатура пакета данных соответсвует установленной.
Длинна данных соответствует длинне данных при отправлении.
Контрольная сумма "CRC32" соответствует контрольной сумме при отправлении.
---------------------------------------

21-05-2025 12:51:14 СТАТУС: Пакет данных собран.
21-05-2025 12:51:14 СТАТУС: Проверка принятых данных.
Сигнатура пакета данных соответсвует установленной.
Длинна данных соответствует длинне данных при отправлении.
Контрольная сумма "CRC32" соответствует контрольной сумме при отправлении.
---------------------------------------

21-05-2025 12:51:26 СТАТУС: Соединение закрыто.
21-05-2025 12:51:26 СТАТУС: В ожидании соединения.
21-05-2025 12:52:08 СТАТУС: В ожидании соединения.
21-05-2025 12:52:10 СТАТУС: Соединение установлено.
21-05-2025 12:52:25 СТАТУС: Пакет данных собран.
21-05-2025 12:52:25 СТАТУС: Проверка принятых данных.
Сигнатура пакета данных соответсвует установленной.
Длинна данных соответствует длинне данных при отправлении.
Контрольная сумма "CRC32" соответствует контрольной сумме при отправлении.
---------------------------------------

21-05-2025 12:52:29 СТАТУС: Соединение закрыто.
21-05-2025 12:52:29 СТАТУС: В ожидании соединения.
21-05-2025 23:34:07 СТАТУС: В ожидании соединения.
21-05-2025 23:34:10 СТАТУС: Соединение установлено.
21-05-2025 23:34:32 СТАТУС: Пакет данных собран.
21-05-2025 23:34:32 СТАТУС: Проверка принятых данных.
Сигнатура пакета данных соответсвует установленной.
Длинна данных соответствует длинне данных при отправлении.
Контрольная сумма "CRC32" соответствует контрольной сумме при отправлении.
---------------------------------------

21-05-2025 23:34:40 СТАТУС: Пакет данных собран.
21-05-2025 23:34:40 СТАТУС: Проверка принятых данных.
Сигнатура пакета данных соответсвует установленной.
Длинна данных соответствует длинне данных при отправлении.
Контрольная сумма "CRC32" соответствует контрольной сумме при отправлении.
---------------------------------------

21-05-2025 23:34:48 СТАТУС: Пакет данных собран.
21-05-2025 23:34:48 СТАТУС: Проверка принятых данных.
Сигнатура пакета данных соответсвует установленной.
Длинна данных соответствует длинне данных при отправлении.
Контрольная сумма "CRC32" соответствует контрольной сумме при отправлении.
---------------------------------------

21-05-2025 23:34:52 СТАТУС: Соединение закрыто.
21-05-2025 23:34:52 СТАТУС: В ожидании соединения.
21-05-2025 23:36:44 СТАТУС: В ожидании соединения.
21-05-2025 23:36:47 СТАТУС: Соединение установлено.
21-05-2025 23:36:54 СТАТУС: Пакет данных собран.
21-05-2025 23:36:54 СТАТУС: Проверка принятых данных.
Сигнатура пакета данных соответсвует установленной.
Длинна данных соответствует длинне данных при отправлении.
Контрольная сумма "CRC32" соответствует контрольной сумме при отправлении.
---------------------------------------

21-05-2025 23:37:00 СТАТУС: Пакет данных собран.
21-05-2025 23:37:00 СТАТУС: Проверка принятых данных.
Сигнатура пакета данных соответсвует установленной.
Длинна данных соответствует длинне данных при отправлении.
Контрольная сумма "CRC32" соответствует контрольной сумме при отправлении.
---------------------------------------

21-05-2025 23:37:06 СТАТУС: Пакет данных собран.
21-05-2025 23:37:06 СТАТУС: Проверка принятых данных.
Сигнатура пакета данных соответсвует установленной.
Длинна данных соответствует длинне данных при отправлении.
Контрольная сумма "CRC32" соответствует контрольной сумме при отправлении.
---------------------------------------

21-05-2025 23:37:07 СТАТУС: Соединение закрыто.
21-05-2025 23:37:08 СТАТУС: В ожидании соединения.
21-05-2025 23:50:17 СТАТУС: В ожидании соединения.
21-05-2025 23:50:24 СТАТУС: Соединение установлено.
21-05-2025 23:50:33 СТАТУС: Пакет данных собран.
21-05-2025 23:50:33 СТАТУС: Проверка принятых данных.
Сигнатура пакета данных соответсвует установленной.
Длинна данных соответствует длинне данных при отправлении.
Контрольная сумма "CRC32" соответствует контрольной сумме при отправлении.
---------------------------------------

21-05-2025 23:50:40 СТАТУС: Соединение закрыто.
21-05-2025 23:50:40 СТАТУС: В ожидании соединения.
21-05-2025 23:51:34 СТАТУС: В ожидании соединения.
21-05-2025 23:51:37 СТАТУС: Соединение установлено.
21-05-2025 23:51:44 СТАТУС: Пакет данных собран.
21-05-2025 23:51:44 СТАТУС: Проверка принятых данных.
Сигнатура пакета данных соответсвует установленной.
Длинна данных соответствует длинне данных при отправлении.
Контрольная сумма "CRC32" соответствует контрольной сумме при отправлении.
---------------------------------------

21-05-2025 23:51:58 СТАТУС: Соединение закрыто.
21-05-2025 23:51:58 СТАТУС: В ожидании соединения.
21-05-2025 23:52:00 СТАТУС: Соединение установлено.
21-05-2025 23:52:05 СТАТУС: Пакет данных собран.
21-05-2025 23:52:05 СТАТУС: Проверка принятых данных.
Сигнатура пакета данных соответсвует установленной.
Длинна данных соответствует длинне данных при отправлении.
Контрольная сумма "CRC32" соответствует контрольной сумме при отправлении.
---------------------------------------

21-05-2025 23:52:09 СТАТУС: Пакет данных собран.
21-05-2025 23:52:09 СТАТУС: Проверка принятых данных.
Сигнатура пакета данных соответсвует установленной.
Длинна данных соответствует длинне данных при отправлении.
Контрольная сумма "CRC32" соответствует контрольной сумме при отправлении.
---------------------------------------

21-05-2025 23:52:12 СТАТУС: Соединение закрыто.
21-05-2025 23:52:14 СТАТУС: В ожидании соединения.
21-05-2025 23:52:43 СТАТУС: В ожидании соединения.
21-05-2025 23:52:45 СТАТУС: Соединение установлено.
21-05-2025 23:52:51 СТАТУС: Пакет данных собран.
21-05-2025 23:52:51 СТАТУС: Проверка принятых данных.
Сигнатура пакета данных соответсвует установленной.
Длинна данных соответствует длинне данных при отправлении.
Контрольная сумма "CRC32" соответствует контрольной сумме при отправлении.
---------------------------------------

21-05-2025 23:52:56 СТАТУС: Пакет данных собран.
21-05-2025 23:52:56 СТАТУС: Проверка принятых данных.
Сигнатура пакета данных соответсвует установленной.
Длинна данных соответствует длинне данных при отправлении.
Контрольная сумма "CRC32" соответствует контрольной сумме при отправлении.
---------------------------------------

21-05-2025 23:53:02 СТАТУС: Пакет данных собран.
21-05-2025 23:53:02 СТАТУС: Проверка принятых данных.
Сигнатура пакета данных соответсвует установленной.
Длинна данных соответствует длинне данных при отправлении.
Контрольная сумма "CRC32" соответствует контрольной сумме при отправлении.
---------------------------------------

21-05-2025 23:53:07 СТАТУС: Пакет данных собран.
21-05-2025 23:53:07 СТАТУС: Проверка принятых данных.
Сигнатура пакета данных соответсвует установленной.
Длинна данных соответствует длинне данных при отправлении.
Контрольная сумма "CRC32" соответствует контрольной сумме при отправлении.
---------------------------------------

21-05-2025 23:53:10 СТАТУС: Соединение закрыто.
21-05-2025 23:53:10 СТАТУС: В ожидании соединения.
22-05-2025 18:55:55 СТАТУС: В ожидании соединения.
22-05-2025 18:56:11 СТАТУС: Соединение установлено.
22-05-2025 19:00:46 СТАТУС: В ожидании соединения.
22-05-2025 19:00:49 СТАТУС: Соединение установлено.
22-05-2025 20:35:47 СТАТУС: В ожидании соединения.
22-05-2025 20:37:07 СТАТУС: Соединение установлено.
22-05-2025 20:37:45 СТАТУС: В ожидании соединения.
22-05-2025 20:37:55 СТАТУС: Соединение установлено.
22-05-2025 22:28:01 СТАТУС: В ожидании соединения.
22-05-2025 22:28:20 СТАТУС: Соединение установлено.
22-05-2025 22:28:33 СОШИБКА ! Способ дальнейшей обработки данных не соответствует параметрам программы. 
Соединение будет прервано!
22-05-2025 22:28:33 СТАТУС: Соединение закрыто.
22-05-2025 22:28:33 СТАТУС: В ожидании соединения.
22-05-2025 22:32:47 СТАТУС: В ожидании соединения.
22-05-2025 22:32:49 СТАТУС: Соединение установлено.
22-05-2025 22:32:58 СОШИБКА ! Способ дальнейшей обработки данных не соответствует параметрам программы. 
Соединение будет прервано!
22-05-2025 22:32:58 СТАТУС: Соединение закрыто.
22-05-2025 22:32:58 СТАТУС: В ожидании соединения.
22-05-2025 22:35:49 СТАТУС: В ожидании соединения.
22-05-2025 22:35:53 СТАТУС: Соединение установлено.
22-05-2025 22:35:58 СТАТУС: Проверка принятых данных.
Сигнатура пакета данных соответствует установленной.
Длинна данных соответствует длине данных при отправлении.
Контрольная сумма "CRC32" соответствует контрольной сумме при отправлении.
---------------------------------------

22-05-2025 22:36:11 СТАТУС: Проверка принятых данных.
Сигнатура пакета данных соответствует установленной.
Длинна данных соответствует длине данных при отправлении.
Контрольная сумма "CRC32" соответствует контрольной сумме при отправлении.
---------------------------------------

22-05-2025 22:36:53 СТАТУС: Проверка принятых данных.
Сигнатура пакета данных соответствует установленной.
Длинна данных соответствует длине данных при отправлении.
Контрольная сумма "CRC32" соответствует контрольной сумме при отправлении.
---------------------------------------

22-05-2025 22:37:08 СТАТУС: Проверка принятых данных.
Сигнатура пакета данных соответствует установленной.
Длинна данных соответствует длине данных при отправлении.
Контрольная сумма "CRC32" соответствует контрольной сумме при отправлении.
---------------------------------------

22-05-2025 22:37:17 СТАТУС: Проверка принятых данных.
Сигнатура пакета данных соответствует установленной.
Длинна данных соответствует длине данных при отправлении.
Контрольная сумма "CRC32" соответствует контрольной сумме при отправлении.
---------------------------------------

22-05-2025 22:37:29 СТАТУС: Проверка принятых данных.
Сигнатура пакета данных соответствует установленной.
Длинна данных соответствует длине данных при отправлении.
Контрольная сумма "CRC32" соответствует контрольной сумме при отправлении.
---------------------------------------

22-05-2025 22:37:32 СТАТУС: В ожидании соединения.
22-05-2025 23:01:19 СТАТУС: В ожидании соединения.
22-05-2025 23:01:20 СТАТУС: Соединение установлено.
22-05-2025 23:01:26 СОШИБКА ! Способ дальнейшей обработки данных не соответствует параметрам программы. 
Соединение будет прервано!
22-05-2025 23:01:26 СТАТУС: Соединение закрыто.
22-05-2025 23:01:26 СТАТУС: В ожидании соединения.
22-05-2025 23:04:45 СТАТУС: В ожидании соединения.
22-05-2025 23:04:47 СТАТУС: Соединение установлено.
22-05-2025 23:04:52 СТАТУС: Проверка принятых данных.
Сигнатура пакета данных соответствует установленной.
Длинна данных соответствует длине данных при отправлении.
Контрольная сумма "CRC32" соответствует контрольной сумме при отправлении.
---------------------------------------

22-05-2025 23:04:59 СТАТУС: В ожидании соединения.
22-05-2025 23:05:30 СТАТУС: Соединение установлено.
22-05-2025 23:05:38 СОШИБКА ! Данные поступили из неизвестного источника.
Соединение будет прерванною!
22-05-2025 23:05:38 СТАТУС: Соединение закрыто.
22-05-2025 23:05:38 СТАТУС: Соединение закрыто.
22-05-2025 23:05:39 СТАТУС: В ожидании соединения.
22-05-2025 23:05:49 СТАТУС: Соединение установлено.
22-05-2025 23:05:55 СТАТУС: Проверка принятых данных.
Сигнатура пакета данных соответствует установленной.
Длинна данных соответствует длине данных при отправлении.
Контрольная сумма "CRC32" соответствует контрольной сумме при отправлении.
---------------------------------------

22-05-2025 23:06:04 СТАТУС: В ожидании соединения.
22-05-2025 23:16:14 СТАТУС: В ожидании соединения.
22-05-2025 23:16:17 СТАТУС: Соединение установлено.
22-05-2025 23:16:29 СТАТУС: Проверка принятых данных.
Сигнатура пакета данных соответствует установленной.
Длинна данных соответствует длине данных при отправлении.
Контрольная сумма "CRC32" соответствует контрольной сумме при отправлении.
---------------------------------------

22-05-2025 23:28:43 СТАТУС: В ожидании соединения.
22-05-2025 23:28:45 СТАТУС: Соединение установлено.
22-05-2025 23:28:56 СТАТУС: Проверка принятых данных.
Сигнатура пакета данных соответствует установленной.
Длинна данных соответствует длине данных при отправлении.
Контрольная сумма "CRC32" соответствует контрольной сумме при отправлении.
---------------------------------------

22-05-2025 23:29:19 СТАТУС: Проверка принятых данных.
Сигнатура пакета данных соответствует установленной.
Длинна данных соответствует длине данных при отправлении.
Контрольная сумма "CRC32" соответствует контрольной сумме при отправлении.
---------------------------------------

22-05-2025 23:29:30 СТАТУС: Проверка принятых данных.
Сигнатура пакета данных соответствует установленной.
Длинна данных соответствует длине данных при отправлении.
Контрольная сумма "CRC32" соответствует контрольной сумме при отправлении.
---------------------------------------

22-05-2025 23:29:39 СТАТУС: Проверка принятых данных.
Сигнатура пакета данных соответствует установленной.
Длинна данных соответствует длине данных при отправлении.
Контрольная сумма "CRC32" соответствует контрольной сумме при отправлении.
---------------------------------------

22-05-2025 23:29:41 СТАТУС: В ожидании соединения.
22-05-2025 23:32:19 СТАТУС: В ожидании соединения.
22-05-2025 23:32:22 СТАТУС: Соединение установлено.
22-05-2025 23:32:32 СТАТУС: Проверка принятых данных.
Сигнатура пакета данных соответствует установленной.
Длинна данных соответствует длине данных при отправлении.
Контрольная сумма "CRC32" соответствует контрольной сумме при отправлении.
---------------------------------------

22-05-2025 23:32:46 СТАТУС: Проверка принятых данных.
Сигнатура пакета данных соответствует установленной.
Длинна данных соответствует длине данных при отправлении.
Контрольная сумма "CRC32" соответствует контрольной сумме при отправлении.
---------------------------------------

22-05-2025 23:33:05 СТАТУС: В ожидании соединения.
22-05-2025 23:40:31 СТАТУС: В ожидании соединения.
22-05-2025 23:40:33 СТАТУС: Соединение установлено.
22-05-2025 23:40:42 СТАТУС: Проверка принятых данных.
Сигнатура пакета данных соответствует установленной.
Длинна данных соответствует длине данных при отправлении.
Контрольная сумма "CRC32" соответствует контрольной сумме при отправлении.
---------------------------------------

22-05-2025 23:40:49 СТАТУС: Проверка принятых данных.
Сигнатура пакета данных соответствует установленной.
Длинна данных соответствует длине данных при отправлении.
Контрольная сумма "CRC32" соответствует контрольной сумме при отправлении.
---------------------------------------

22-05-2025 23:40:52 СТАТУС: В ожидании соединения.
22-05-2025 23:53:33 СТАТУС: В ожидании соединения.
22-05-2025 23:53:36 СТАТУС: Соединение установлено.
22-05-2025 23:53:42 СТАТУС: Проверка принятых данных.
Сигнатура пакета данных соответствует установленной.
Длинна данных соответствует длине данных при отправлении.
Контрольная сумма "CRC32" соответствует контрольной сумме при отправлении.
---------------------------------------

22-05-2025 23:53:44 СТАТУС: В ожидании соединения.
23-05-2025 00:04:24 СТАТУС: В ожидании соединения.
23-05-2025 00:04:28 СТАТУС: Соединение установлено.
23-05-2025 00:04:33 СТАТУС: Проверка принятых данных.
Сигнатура пакета данных соответствует установленной.
Длинна данных соответствует длине данных при отправлении.
Контрольная сумма "CRC32" соответствует контрольной сумме при отправлении.
---------------------------------------

23-05-2025 00:04:36 СОШИБКА ! Не удалось установить соединение!
23-05-2025 00:04:36 СТАТУС: В ожидании соединения.
23-05-2025 00:04:44 СТАТУС: Соединение установлено.
23-05-2025 00:04:49 СОШИБКА ! Данные поступили из неизвестного источника.
Соединение будет прерванною!
23-05-2025 00:04:49 СТАТУС: Соединение закрыто.
23-05-2025 00:04:49 СТАТУС: Соединение закрыто.
23-05-2025 00:04:49 СОШИБКА ! Не удалось установить соединение!
23-05-2025 00:04:49 СТАТУС: В ожидании соединения.
23-05-2025 00:07:50 СТАТУС: В ожидании соединения.
23-05-2025 00:08:16 СТАТУС: Соединение установлено.
23-05-2025 00:08:22 СОШИБКА ! Данные поступили из неизвестного источника.
Соединение будет прерванною!
23-05-2025 00:08:22 СТАТУС: Соединение закрыто1.
23-05-2025 00:08:22 СОШИБКА ! Сбой соединение!
23-05-2025 00:08:22 СТАТУС: В ожидании соединения.
